[2025-02-12 11:43:48] local.ERROR: Class "DOMDocument" not found {"exception":"[object] (Error(code: 0): Class \"DOMDocument\" not found at /mnt/c/Users/ACER/Documents/New folder (2)/hms/vendor/nunomaduro/termwind/src/HtmlRenderer.php:32)
[stacktrace]
#0 /mnt/c/Users/ACER/Documents/New folder (2)/hms/vendor/nunomaduro/termwind/src/HtmlRenderer.php(24): Termwind\\HtmlRenderer->parse()
#1 /mnt/c/Users/ACER/Documents/New folder (2)/hms/vendor/nunomaduro/termwind/src/Functions.php(41): Termwind\\HtmlRenderer->render()
#2 /mnt/c/Users/ACER/Documents/New folder (2)/hms/vendor/laravel/framework/src/Illuminate/Console/View/Components/Component.php(52): Termwind\\render()
#3 /mnt/c/Users/ACER/Documents/New folder (2)/hms/vendor/laravel/framework/src/Illuminate/Console/View/Components/Line.php(49): Illuminate\\Console\\View\\Components\\Component->renderView()
#4 /mnt/c/Users/ACER/Documents/New folder (2)/hms/vendor/laravel/framework/src/Illuminate/Console/View/Components/Info.php(18): Illuminate\\Console\\View\\Components\\Line->render()
#5 /mnt/c/Users/ACER/Documents/New folder (2)/hms/vendor/laravel/framework/src/Illuminate/Console/View/Components/Factory.php(58): Illuminate\\Console\\View\\Components\\Info->render()
#6 /mnt/c/Users/ACER/Documents/New folder (2)/hms/vendor/laravel/framework/src/Illuminate/Foundation/Console/ServeCommand.php(243): Illuminate\\Console\\View\\Components\\Factory->__call()
#7 /mnt/c/Users/ACER/Documents/New folder (2)/hms/vendor/laravel/framework/src/Illuminate/Collections/Traits/EnumeratesValues.php(236): Illuminate\\Foundation\\Console\\ServeCommand->Illuminate\\Foundation\\Console\\{closure}()
#8 /mnt/c/Users/ACER/Documents/New folder (2)/hms/vendor/laravel/framework/src/Illuminate/Foundation/Console/ServeCommand.php(237): Illuminate\\Support\\Collection->each()
#9 /mnt/c/Users/ACER/Documents/New folder (2)/hms/vendor/symfony/process/Process.php(1276): Illuminate\\Foundation\\Console\\ServeCommand->Illuminate\\Foundation\\Console\\{closure}()
#10 /mnt/c/Users/ACER/Documents/New folder (2)/hms/vendor/symfony/process/Process.php(1376): Symfony\\Component\\Process\\Process->Symfony\\Component\\Process\\{closure}()
#11 /mnt/c/Users/ACER/Documents/New folder (2)/hms/vendor/symfony/process/Process.php(1296): Symfony\\Component\\Process\\Process->readPipes()
#12 /mnt/c/Users/ACER/Documents/New folder (2)/hms/vendor/symfony/process/Process.php(840): Symfony\\Component\\Process\\Process->updateStatus()
#13 /mnt/c/Users/ACER/Documents/New folder (2)/hms/vendor/laravel/framework/src/Illuminate/Foundation/Console/ServeCommand.php(92): Symfony\\Component\\Process\\Process->isRunning()
#14 /mnt/c/Users/ACER/Documents/New folder (2)/hms/vendor/laravel/framework/src/Illuminate/Container/BoundMethod.php(36): Illuminate\\Foundation\\Console\\ServeCommand->handle()
#15 /mnt/c/Users/ACER/Documents/New folder (2)/hms/vendor/laravel/framework/src/Illuminate/Container/Util.php(41): Illuminate\\Container\\BoundMethod::Illuminate\\Container\\{closure}()
#16 /mnt/c/Users/ACER/Documents/New folder (2)/hms/vendor/laravel/framework/src/Illuminate/Container/BoundMethod.php(93): Illuminate\\Container\\Util::unwrapIfClosure()
#17 /mnt/c/Users/ACER/Documents/New folder (2)/hms/vendor/laravel/framework/src/Illuminate/Container/BoundMethod.php(35): Illuminate\\Container\\BoundMethod::callBoundMethod()
#18 /mnt/c/Users/ACER/Documents/New folder (2)/hms/vendor/laravel/framework/src/Illuminate/Container/Container.php(662): Illuminate\\Container\\BoundMethod::call()
#19 /mnt/c/Users/ACER/Documents/New folder (2)/hms/vendor/laravel/framework/src/Illuminate/Console/Command.php(211): Illuminate\\Container\\Container->call()
#20 /mnt/c/Users/ACER/Documents/New folder (2)/hms/vendor/symfony/console/Command/Command.php(326): Illuminate\\Console\\Command->execute()
#21 /mnt/c/Users/ACER/Documents/New folder (2)/hms/vendor/laravel/framework/src/Illuminate/Console/Command.php(180): Symfony\\Component\\Console\\Command\\Command->run()
#22 /mnt/c/Users/ACER/Documents/New folder (2)/hms/vendor/symfony/console/Application.php(1081): Illuminate\\Console\\Command->run()
#23 /mnt/c/Users/ACER/Documents/New folder (2)/hms/vendor/symfony/console/Application.php(320): Symfony\\Component\\Console\\Application->doRunCommand()
#24 /mnt/c/Users/ACER/Documents/New folder (2)/hms/vendor/symfony/console/Application.php(174): Symfony\\Component\\Console\\Application->doRun()
#25 /mnt/c/Users/ACER/Documents/New folder (2)/hms/vendor/laravel/framework/src/Illuminate/Foundation/Console/Kernel.php(201): Symfony\\Component\\Console\\Application->run()
#26 /mnt/c/Users/ACER/Documents/New folder (2)/hms/artisan(35): Illuminate\\Foundation\\Console\\Kernel->handle()
#27 {main}
"} 
